2026-01-28 13:49:31,899 [Worker-6: Loading available Gradle versions] INFO  o.e.b.c.i.u.g.PublishedGradleVersions - Gradle version information cache is up-to-date. Trying to read.
2026-01-28 14:36:18,711 [Worker-8: Loading available Gradle versions] INFO  o.e.b.c.i.u.g.PublishedGradleVersions - Gradle version information cache is up-to-date. Trying to read.
2026-01-28 14:37:16,941 [Worker-6: Loading available Gradle versions] INFO  o.e.b.c.i.u.g.PublishedGradleVersions - Gradle version information cache is up-to-date. Trying to read.
2026-01-28 14:39:33,816 [Worker-26: Creating project "demo"] INFO  o.e.m.c.i.l.LifecycleMappingFactory - Using org.eclipse.m2e.jdt.JarLifecycleMapping lifecycle mapping for MavenProject: demo:demo:0.0.1-SNAPSHOT @ T:\DangTanMinh_22665321_Tuan3\demo\pom.xml.
2026-01-28 14:39:40,052 [Worker-26: Creating project "demo"] INFO  o.e.m.j.i.AbstractJavaProjectConfigurator - Adding source folder /demo/src/main/java
2026-01-28 14:39:40,053 [Worker-26: Creating project "demo"] INFO  o.e.m.j.i.AbstractJavaProjectConfigurator - Adding resource folder /demo/src/main/resources
2026-01-28 14:39:40,054 [Worker-26: Creating project "demo"] INFO  o.e.m.j.i.AbstractJavaProjectConfigurator - Adding source folder /demo/src/test/java
2026-01-28 14:39:40,054 [Worker-26: Creating project "demo"] INFO  o.e.m.j.i.AbstractJavaProjectConfigurator - Adding resource folder /demo/src/test/resources
2026-01-28 14:39:41,820 [Worker-30: Building] WARN  o.a.m.s.f.DefaultMavenResourcesFiltering - Using platform encoding (Cp1252 actually) to copy filtered resources, i.e. build is platform dependent!
2026-01-28 14:39:41,824 [Worker-30: Building] INFO  o.a.m.s.f.DefaultMavenResourcesFiltering - Copying 0 resource from src\main\resources to target\classes
2026-01-28 14:39:41,827 [Worker-30: Building] WARN  o.a.m.s.f.DefaultMavenResourcesFiltering - Using platform encoding (Cp1252 actually) to copy filtered resources, i.e. build is platform dependent!
2026-01-28 14:39:41,828 [Worker-30: Building] INFO  o.a.m.s.f.DefaultMavenResourcesFiltering - Copying 0 resource from src\test\resources to target\test-classes
2026-01-28 14:40:19,154 [Worker-30: Creating project "Bai3"] INFO  o.e.m.c.i.l.LifecycleMappingFactory - Using org.eclipse.m2e.jdt.JarLifecycleMapping lifecycle mapping for MavenProject: Bai3:Bai3:0.0.1-SNAPSHOT @ T:\DangTanMinh_22665321_Tuan3\Bai3\pom.xml.
2026-01-28 14:40:19,382 [Worker-30: Creating project "Bai3"] INFO  o.e.m.j.i.AbstractJavaProjectConfigurator - Adding source folder /Bai3/src/main/java
2026-01-28 14:40:19,382 [Worker-30: Creating project "Bai3"] INFO  o.e.m.j.i.AbstractJavaProjectConfigurator - Adding resource folder /Bai3/src/main/resources
2026-01-28 14:40:19,382 [Worker-30: Creating project "Bai3"] INFO  o.e.m.j.i.AbstractJavaProjectConfigurator - Adding source folder /Bai3/src/test/java
2026-01-28 14:40:19,382 [Worker-30: Creating project "Bai3"] INFO  o.e.m.j.i.AbstractJavaProjectConfigurator - Adding resource folder /Bai3/src/test/resources
2026-01-28 14:40:19,592 [Worker-6: Building] WARN  o.a.m.s.f.DefaultMavenResourcesFiltering - Using platform encoding (Cp1252 actually) to copy filtered resources, i.e. build is platform dependent!
2026-01-28 14:40:19,593 [Worker-6: Building] INFO  o.a.m.s.f.DefaultMavenResourcesFiltering - Copying 0 resource from src\main\resources to target\classes
2026-01-28 14:40:19,595 [Worker-6: Building] WARN  o.a.m.s.f.DefaultMavenResourcesFiltering - Using platform encoding (Cp1252 actually) to copy filtered resources, i.e. build is platform dependent!
2026-01-28 14:40:19,596 [Worker-6: Building] INFO  o.a.m.s.f.DefaultMavenResourcesFiltering - Copying 0 resource from src\test\resources to target\test-classes
